<?xml version="1.0" encoding="UTF-8"?>
<testsuite name="ATB6X_Rest_Assured_learning"
           tests="2"
           failures="0"
           errors="0"
           skipped="0"
           time="0.102">
    <properties></properties>



            <testcase
                name="deleteBooking"
                time="0.004"
                classname="com.thetestingacademy.ex_25_june.lab0202">
            </testcase>
            <testcase
                name="getToken"
                time="0.098"
                classname="com.thetestingacademy.ex_25_june.lab0202">
            </testcase>
</testsuite>
