<?xml version="1.0" encoding="UTF-8"?>
<testsuite name="Rest_Assured_learning"
           tests="3"
           failures="0"
           errors="0"
           skipped="0"
           time="0.018">
    <properties></properties>



            <testcase
                name="getrequest"
                time="0.003"
                classname="ex_18_june.lab0186">
            </testcase>
            <testcase
                name="getrequest3"
                time="0.006"
                classname="ex_18_june.lab0186">
            </testcase>
            <testcase
                name="getrequest2"
                time="0.009"
                classname="ex_18_june.lab0186">
            </testcase>
</testsuite>
