<?xml version="1.0" encoding="UTF-8"?>
<testsuite name="Rest_Assured_learning"
           tests="1"
           failures="1"
           errors="0"
           skipped="0"
           time="2.651">
    <properties></properties>

            <testcase
                name="Post_Request_BDD"
                time="2.651"
                classname="com.thetestingacademy.crud.Post.lab0192">

            <failure type="java.net.UnknownHostException" message="restful-booker.herokuapp.com: Temporary failure in name resolution">
                <![CDATA[java.net.UnknownHostException: restful-booker.herokuapp.com: Temporary failure in name resolution
                java.base/java.net.Inet6AddressImpl.lookupAllHostAddr(Native Method)java.base/java.net.Inet6AddressImpl.lookupAllHostAddr(Inet6AddressImpl.java:52)java.base/java.net.InetAddress$PlatformResolver.lookupByName(InetAddress.java:1221)java.base/java.net.InetAddress.getAddressesFromNameService(InetAddress.java:1816)java.base/java.net.InetAddress$NameServiceAddresses.get(InetAddress.java:1149)java.base/java.net.InetAddress.getAllByName0(InetAddress.java:1806)java.base/java.net.InetAddress.getAllByName(InetAddress.java:1676)org.apache.http.impl.conn.SystemDefaultDnsResolver.resolve(SystemDefaultDnsResolver.java:45)org.apache.http.impl.conn.DefaultClientConnectionOperator.resolveHostname(DefaultClientConnectionOperator.java:263)org.apache.http.impl.conn.DefaultClientConnectionOperator.openConnection(DefaultClientConnectionOperator.java:162)org.apache.http.impl.conn.ManagedClientConnectionImpl.open(ManagedClientConnectionImpl.java:326)org.apache.http.impl.client.DefaultRequestDirector.tryConnect(DefaultRequestDirector.java:605)org.apache.http.impl.client.DefaultRequestDirector.execute(DefaultRequestDirector.java:440)org.apache.http.impl.client.AbstractHttpClient.doExecute(AbstractHttpClient.java:835)org.apache.http.impl.client.CloseableHttpClient.execute(CloseableHttpClient.java:83)io.restassured.internal.RestAssuredHttpBuilder.doRequest(RestAssuredHttpBuilder.java:141)io.restassured.internal.http.HTTPBuilder.post(HTTPBuilder.java:349)io.restassured.internal.http.HTTPBuilder$post$2.call(Unknown Source)org.codehaus.groovy.runtime.callsite.CallSiteArray.defaultCall(CallSiteArray.java:45)org.codehaus.groovy.runtime.callsite.AbstractCallSite.call(AbstractCallSite.java:125)org.codehaus.groovy.runtime.callsite.AbstractCallSite.call(AbstractCallSite.java:148)io.restassured.internal.RequestSpecificationImpl.sendRequest(RequestSpecificationImpl.groovy:1209)io.restassured.internal.RequestSpecificationImpl.this$2$sendRequest(RequestSpecificationImpl.groovy)java.base/jdk.internal.reflect.DirectMethodHandleAccessor.invoke(DirectMethodHandleAccessor.java:103)java.base/java.lang.reflect.Method.invoke(Method.java:580)org.codehaus.groovy.reflection.CachedMethod.invoke(CachedMethod.java:343)groovy.lang.MetaMethod.doMethodInvoke(MetaMethod.java:328)groovy.lang.MetaClassImpl.doInvokeMethod(MetaClassImpl.java:1334)groovy.lang.MetaClassImpl.invokeMethod(MetaClassImpl.java:1089)groovy.lang.MetaClassImpl.invokeMethod(MetaClassImpl.java:1008)groovy.lang.MetaClassImpl.invokeMethod(MetaClassImpl.java:791)io.restassured.internal.RequestSpecificationImpl.invokeMethod(RequestSpecificationImpl.groovy)org.codehaus.groovy.runtime.callsite.PogoInterceptableSite.call(PogoInterceptableSite.java:46)org.codehaus.groovy.runtime.callsite.CallSiteArray.defaultCall(CallSiteArray.java:45)org.codehaus.groovy.runtime.callsite.AbstractCallSite.call(AbstractCallSite.java:125)org.codehaus.groovy.runtime.callsite.AbstractCallSite.call(AbstractCallSite.java:166)io.restassured.internal.filter.SendRequestFilter.filter(SendRequestFilter.groovy:30)io.restassured.filter.Filter$filter$0.call(Unknown Source)org.codehaus.groovy.runtime.callsite.CallSiteArray.defaultCall(CallSiteArray.java:45)io.restassured.filter.Filter$filter.call(Unknown Source)io.restassured.internal.filter.FilterContextImpl.next(FilterContextImpl.groovy:72)io.restassured.filter.time.TimingFilter.filter(TimingFilter.java:56)io.restassured.filter.Filter$filter.call(Unknown Source)org.codehaus.groovy.runtime.callsite.CallSiteArray.defaultCall(CallSiteArray.java:45)io.restassured.filter.Filter$filter$0.call(Unknown Source)io.restassured.internal.filter.FilterContextImpl.next(FilterContextImpl.groovy:72)io.restassured.filter.FilterContext$next.call(Unknown Source)org.codehaus.groovy.runtime.callsite.CallSiteArray.defaultCall(CallSiteArray.java:45)org.codehaus.groovy.runtime.callsite.AbstractCallSite.call(AbstractCallSite.java:125)org.codehaus.groovy.runtime.callsite.AbstractCallSite.call(AbstractCallSite.java:148)io.restassured.internal.filter.CsrfFilter.filter(CsrfFilter.groovy:70)io.restassured.filter.Filter$filter$0.call(Unknown Source)org.codehaus.groovy.runtime.callsite.CallSiteArray.defaultCall(CallSiteArray.java:45)io.restassured.filter.Filter$filter.call(Unknown Source)io.restassured.internal.filter.FilterContextImpl.next(FilterContextImpl.groovy:72)io.restassured.filter.log.RequestLoggingFilter.filter(RequestLoggingFilter.java:148)io.restassured.filter.Filter$filter.call(Unknown Source)org.codehaus.groovy.runtime.callsite.CallSiteArray.defaultCall(CallSiteArray.java:45)org.codehaus.groovy.runtime.callsite.AbstractCallSite.call(AbstractCallSite.java:125)org.codehaus.groovy.runtime.callsite.AbstractCallSite.call(AbstractCallSite.java:157)io.restassured.internal.filter.FilterContextImpl.next(FilterContextImpl.groovy:72)io.restassured.filter.FilterContext$next.call(Unknown Source)org.codehaus.groovy.runtime.callsite.CallSiteArray.defaultCall(CallSiteArray.java:45)org.codehaus.groovy.runtime.callsite.AbstractCallSite.call(AbstractCallSite.java:125)org.codehaus.groovy.runtime.callsite.AbstractCallSite.call(AbstractCallSite.java:148)io.restassured.internal.RequestSpecificationImpl.applyPathParamsAndSendRequest(RequestSpecificationImpl.groovy:1704)io.restassured.internal.RequestSpecificationImpl.this$2$applyPathParamsAndSendRequest(RequestSpecificationImpl.groovy)java.base/jdk.internal.reflect.DirectMethodHandleAccessor.invoke(DirectMethodHandleAccessor.java:103)java.base/java.lang.reflect.Method.invoke(Method.java:580)org.codehaus.groovy.reflection.CachedMethod.invoke(CachedMethod.java:343)groovy.lang.MetaMethod.doMethodInvoke(MetaMethod.java:328)groovy.lang.MetaClassImpl.doInvokeMethod(MetaClassImpl.java:1334)groovy.lang.MetaClassImpl.invokeMethod(MetaClassImpl.java:1089)groovy.lang.MetaClassImpl.invokeMethod(MetaClassImpl.java:1008)groovy.lang.MetaClassImpl.invokeMethod(MetaClassImpl.java:791)io.restassured.internal.RequestSpecificationImpl.invokeMethod(RequestSpecificationImpl.groovy)org.codehaus.groovy.runtime.callsite.PogoInterceptableSite.call(PogoInterceptableSite.java:46)org.codehaus.groovy.runtime.callsite.PogoInterceptableSite.callCurrent(PogoInterceptableSite.java:57)org.codehaus.groovy.runtime.callsite.CallSiteArray.defaultCallCurrent(CallSiteArray.java:49)org.codehaus.groovy.runtime.callsite.AbstractCallSite.callCurrent(AbstractCallSite.java:171)org.codehaus.groovy.runtime.callsite.AbstractCallSite.callCurrent(AbstractCallSite.java:203)io.restassured.internal.RequestSpecificationImpl.applyPathParamsAndSendRequest(RequestSpecificationImpl.groovy:1710)io.restassured.internal.RequestSpecificationImpl.this$2$applyPathParamsAndSendRequest(RequestSpecificationImpl.groovy)java.base/jdk.internal.reflect.DirectMethodHandleAccessor.invoke(DirectMethodHandleAccessor.java:103)java.base/java.lang.reflect.Method.invoke(Method.java:580)org.codehaus.groovy.reflection.CachedMethod.invoke(CachedMethod.java:343)groovy.lang.MetaMethod.doMethodInvoke(MetaMethod.java:328)groovy.lang.MetaClassImpl.doInvokeMethod(MetaClassImpl.java:1334)groovy.lang.MetaClassImpl.invokeMethod(MetaClassImpl.java:1089)groovy.lang.MetaClassImpl.invokeMethod(MetaClassImpl.java:1008)groovy.lang.MetaClassImpl.invokeMethod(MetaClassImpl.java:791)io.restassured.internal.RequestSpecificationImpl.invokeMethod(RequestSpecificationImpl.groovy)org.codehaus.groovy.runtime.callsite.PogoInterceptableSite.call(PogoInterceptableSite.java:46)org.codehaus.groovy.runtime.callsite.PogoInterceptableSite.callCurrent(PogoInterceptableSite.java:57)org.codehaus.groovy.runtime.callsite.CallSiteArray.defaultCallCurrent(CallSiteArray.java:49)org.codehaus.groovy.runtime.callsite.AbstractCallSite.callCurrent(AbstractCallSite.java:171)org.codehaus.groovy.runtime.callsite.AbstractCallSite.callCurrent(AbstractCallSite.java:203)io.restassured.internal.RequestSpecificationImpl.post(RequestSpecificationImpl.groovy:176)io.restassured.internal.RequestSpecificationImpl.post(RequestSpecificationImpl.groovy)java.base/jdk.internal.reflect.DirectMethodHandleAccessor.invoke(DirectMethodHandleAccessor.java:103)java.base/java.lang.reflect.Method.invoke(Method.java:580)org.codehaus.groovy.reflection.CachedMethod.invoke(CachedMethod.java:343)groovy.lang.MetaMethod.doMethodInvoke(MetaMethod.java:328)groovy.lang.MetaClassImpl.doInvokeMethod(MetaClassImpl.java:1334)groovy.lang.MetaClassImpl.invokeMethod(MetaClassImpl.java:1089)groovy.lang.MetaClassImpl.invokeMethod(MetaClassImpl.java:1008)groovy.lang.MetaClassImpl.invokeMethod(MetaClassImpl.java:791)io.restassured.internal.RequestSpecificationImpl.invokeMethod(RequestSpecificationImpl.groovy)org.codehaus.groovy.runtime.callsite.PogoInterceptableSite.call(PogoInterceptableSite.java:46)org.codehaus.groovy.runtime.callsite.PogoInterceptableSite.callCurrent(PogoInterceptableSite.java:57)org.codehaus.groovy.runtime.callsite.CallSiteArray.defaultCallCurrent(CallSiteArray.java:49)org.codehaus.groovy.runtime.callsite.AbstractCallSite.callCurrent(AbstractCallSite.java:171)org.codehaus.groovy.runtime.callsite.AbstractCallSite.callCurrent(AbstractCallSite.java:185)io.restassured.internal.RequestSpecificationImpl.post(RequestSpecificationImpl.groovy:260)io.restassured.internal.RequestSpecificationImpl.post(RequestSpecificationImpl.groovy)com.thetestingacademy.crud.Post.lab0192.Post_Request_BDD(lab0192.java:30)java.base/jdk.internal.reflect.DirectMethodHandleAccessor.invoke(DirectMethodHandleAccessor.java:103)java.base/java.lang.reflect.Method.invoke(Method.java:580)org.testng.internal.invokers.MethodInvocationHelper.invokeMethod(MethodInvocationHelper.java:141)org.testng.internal.invokers.TestInvoker.invokeMethod(TestInvoker.java:686)org.testng.internal.invokers.TestInvoker.invokeTestMethod(TestInvoker.java:230)org.testng.internal.invokers.MethodRunner.runInSequence(MethodRunner.java:63)org.testng.internal.invokers.TestInvoker$MethodInvocationAgent.invoke(TestInvoker.java:992)org.testng.internal.invokers.TestInvoker.invokeTestMethods(TestInvoker.java:203)org.testng.internal.invokers.TestMethodWorker.invokeTestMethods(TestMethodWorker.java:154)org.testng.internal.invokers.TestMethodWorker.run(TestMethodWorker.java:134)java.base/java.util.ArrayList.forEach(ArrayList.java:1597)org.testng.TestRunner.privateRun(TestRunner.java:739)org.testng.TestRunner.run(TestRunner.java:614)org.testng.SuiteRunner.runTest(SuiteRunner.java:421)org.testng.SuiteRunner.runSequentially(SuiteRunner.java:413)org.testng.SuiteRunner.privateRun(SuiteRunner.java:373)org.testng.SuiteRunner.run(SuiteRunner.java:312)org.testng.SuiteRunnerWorker.runSuite(SuiteRunnerWorker.java:52)org.testng.SuiteRunnerWorker.run(SuiteRunnerWorker.java:95)org.testng.TestNG.runSuitesSequentially(TestNG.java:1274)org.testng.TestNG.runSuitesLocally(TestNG.java:1208)org.testng.TestNG.runSuites(TestNG.java:1112)org.testng.TestNG.run(TestNG.java:1079)com.intellij.rt.testng.IDEARemoteTestNG.run(IDEARemoteTestNG.java:65)com.intellij.rt.testng.RemoteTestNGStarter.main(RemoteTestNGStarter.java:105)
]]>
            </failure>
    </testcase>


</testsuite>
