<?xml version="1.0" encoding="UTF-8"?>
<testsuite name="/home/karam/Documents/Rest_Assured_learning/ATB6X_Rest_Assured_learning/src/test/java/com/thetestingacademy/ex_25_june"
           tests="1"
           failures="0"
           errors="0"
           skipped="0"
           time="0.118">
    <properties></properties>



            <testcase
                name="test_diff_browser"
                time="0.118"
                classname="com.thetestingacademy.ex_25_june.lab0204">
            </testcase>
</testsuite>
