<?xml version="1.0" encoding="UTF-8"?>
<testsuite name="Rest_Assured_learning"
           tests="2"
           failures="0"
           errors="0"
           skipped="0"
           time="0.198">
    <properties></properties>



            <testcase
                name="Soft_Assertion"
                time="0.010"
                classname="ex_18_june.lab0188">
            </testcase>
            <testcase
                name="Hard_Assertion"
                time="0.188"
                classname="ex_18_june.lab0188">
            </testcase>
</testsuite>
